app/build/outputs/logs/manifest-merger-debug-report.txt
-- Merging decision tree log ---
manifest
ADDED from src/main/AndroidManifest.xml:16:1-201:12
	package
		ADDED from src/main/AndroidManifest.xml:17:5-46
		INJECTED from src/main/AndroidManifest.xml
		INJECTED from src/main/AndroidManifest.xml
	android:versionName
		ADDED from src/main/AndroidManifest.xml:20:5-32
		INJECTED from src/main/AndroidManifest.xml
		INJECTED from src/main/AndroidManifest.xml
	android:versionCode
		ADDED from src/main/AndroidManifest.xml:19:5-30
		INJECTED from src/main/AndroidManifest.xml
		INJECTED from src/main/AndroidManifest.xml
	xmlns:android
		ADDED from src/main/AndroidManifest.xml:16:11-69
	android:installLocation
		ADDED from src/main/AndroidManifest.xml:18:5-35
uses-permission#android.permission.CAMERA
ADDED from src/main/AndroidManifest.xml:22:5-65
	android:name
		ADDED from src/main/AndroidManifest.xml:22:22-62
uses-permission#android.permission.INTERNET
ADDED from src/main/AndroidManifest.xml:23:5-67
	android:name
		ADDED from src/main/AndroidManifest.xml:23:22-64
uses-permission#android.permission.VIBRATE
ADDED from src/main/AndroidManifest.xml:24:5-66
	android:name
		ADDED from src/main/AndroidManifest.xml:24:22-63
uses-permission#android.permission.FLASHLIGHT
ADDED from src/main/AndroidManifest.xml:25:5-69
	android:name
		ADDED from src/main/AndroidManifest.xml:25:22-66
uses-permission#android.permission.READ_CONTACTS
ADDED from src/main/AndroidManifest.xml:26:5-72
	android:name
		ADDED from src/main/AndroidManifest.xml:26:22-69
uses-permission#com.android.browser.permission.READ_HISTORY_BOOKMARKS
ADDED from src/main/AndroidManifest.xml:28:5-93
	android:name
		ADDED from src/main/AndroidManifest.xml:28:22-90
uses-permission#android.permission.WRITE_EXTERNAL_STORAGE
ADDED from src/main/AndroidManifest.xml:29:5-81
	android:name
		ADDED from src/main/AndroidManifest.xml:29:22-78
uses-permission#android.permission.CHANGE_WIFI_STATE
ADDED from src/main/AndroidManifest.xml:30:5-76
	android:name
		ADDED from src/main/AndroidManifest.xml:30:22-73
uses-permission#android.permission.ACCESS_WIFI_STATE
ADDED from src/main/AndroidManifest.xml:31:5-76
	android:name
		ADDED from src/main/AndroidManifest.xml:31:22-73
uses-sdk
ADDED from src/main/AndroidManifest.xml:33:5-35:41
MERGED from [com.android.support:appcompat-v7:23.3.0] AndroidManifest.xml:21:5-23:78
MERGED from [com.android.support:support-vector-drawable:23.3.0] AndroidManifest.xml:5:5-43
MERGED from [com.android.support:support-v4:23.3.0] AndroidManifest.xml:20:5-43
MERGED from [com.android.support:animated-vector-drawable:23.3.0] AndroidManifest.xml:5:5-44
MERGED from [com.android.support:support-vector-drawable:23.3.0] AndroidManifest.xml:5:5-43
MERGED from [com.android.support:support-v4:23.3.0] AndroidManifest.xml:20:5-43
MERGED from [com.android.support:support-v4:23.3.0] AndroidManifest.xml:20:5-43
MERGED from [com.android.support:design:23.3.0] AndroidManifest.xml:20:5-43
MERGED from [com.android.support:appcompat-v7:23.3.0] AndroidManifest.xml:21:5-23:78
MERGED from [com.android.support:support-vector-drawable:23.3.0] AndroidManifest.xml:5:5-43
MERGED from [com.android.support:support-v4:23.3.0] AndroidManifest.xml:20:5-43
MERGED from [com.android.support:animated-vector-drawable:23.3.0] AndroidManifest.xml:5:5-44
MERGED from [com.android.support:support-vector-drawable:23.3.0] AndroidManifest.xml:5:5-43
MERGED from [com.android.support:support-v4:23.3.0] AndroidManifest.xml:20:5-43
MERGED from [com.android.support:support-v4:23.3.0] AndroidManifest.xml:20:5-43
MERGED from [com.android.support:support-v4:23.3.0] AndroidManifest.xml:20:5-43
MERGED from [com.android.support:recyclerview-v7:23.3.0] AndroidManifest.xml:20:5-43
MERGED from [com.android.support:support-v4:23.3.0] AndroidManifest.xml:20:5-43
	tools:overrideLibrary
		ADDED from [com.android.support:appcompat-v7:23.3.0] AndroidManifest.xml:23:9-75
	android:targetSdkVersion
		ADDED from src/main/AndroidManifest.xml:35:9-38
		INJECTED from src/main/AndroidManifest.xml
		INJECTED from src/main/AndroidManifest.xml
	android:minSdkVersion
		ADDED from src/main/AndroidManifest.xml:34:9-35
		INJECTED from src/main/AndroidManifest.xml
		INJECTED from src/main/AndroidManifest.xml
uses-feature#android.hardware.camera
ADDED from src/main/AndroidManifest.xml:38:5-40:36
	android:required
		ADDED from src/main/AndroidManifest.xml:40:9-33
	android:name
		ADDED from src/main/AndroidManifest.xml:39:9-47
uses-feature#android.hardware.camera.front
ADDED from src/main/AndroidManifest.xml:41:5-43:36
	android:required
		ADDED from src/main/AndroidManifest.xml:43:9-33
	android:name
		ADDED from src/main/AndroidManifest.xml:42:9-53
uses-feature#android.hardware.camera.autofocus
ADDED from src/main/AndroidManifest.xml:46:5-48:36
	android:required
		ADDED from src/main/AndroidManifest.xml:48:9-33
	android:name
		ADDED from src/main/AndroidManifest.xml:47:9-57
uses-feature#android.hardware.camera.flash
ADDED from src/main/AndroidManifest.xml:49:5-51:36
	android:required
		ADDED from src/main/AndroidManifest.xml:51:9-33
	android:name
		ADDED from src/main/AndroidManifest.xml:50:9-53
uses-feature#android.hardware.screen.landscape
ADDED from src/main/AndroidManifest.xml:52:5-70
	android:name
		ADDED from src/main/AndroidManifest.xml:52:19-67
uses-feature#android.hardware.wifi
ADDED from src/main/AndroidManifest.xml:53:5-55:36
	android:required
		ADDED from src/main/AndroidManifest.xml:55:9-33
	android:name
		ADDED from src/main/AndroidManifest.xml:54:9-45
uses-feature#android.hardware.touchscreen
ADDED from src/main/AndroidManifest.xml:57:5-65
	android:name
		ADDED from src/main/AndroidManifest.xml:57:19-62
supports-screens
ADDED from src/main/AndroidManifest.xml:60:5-65:40
	android:largeScreens
		ADDED from src/main/AndroidManifest.xml:62:9-36
	android:smallScreens
		ADDED from src/main/AndroidManifest.xml:64:9-36
	android:normalScreens
		ADDED from src/main/AndroidManifest.xml:63:9-37
	android:xlargeScreens
		ADDED from src/main/AndroidManifest.xml:65:9-37
	android:anyDensity
		ADDED from src/main/AndroidManifest.xml:61:9-34
application
ADDED from src/main/AndroidManifest.xml:67:5-199:19
MERGED from [com.android.support:appcompat-v7:23.3.0] AndroidManifest.xml:25:5-20
MERGED from [com.android.support:support-vector-drawable:23.3.0] AndroidManifest.xml:7:5-20
MERGED from [com.android.support:support-v4:23.3.0] AndroidManifest.xml:22:5-20
MERGED from [com.android.support:animated-vector-drawable:23.3.0] AndroidManifest.xml:7:5-20
MERGED from [com.android.support:support-vector-drawable:23.3.0] AndroidManifest.xml:7:5-20
MERGED from [com.android.support:support-v4:23.3.0] AndroidManifest.xml:22:5-20
MERGED from [com.android.support:support-v4:23.3.0] AndroidManifest.xml:22:5-20
MERGED from [com.android.support:design:23.3.0] AndroidManifest.xml:22:5-20
MERGED from [com.android.support:appcompat-v7:23.3.0] AndroidManifest.xml:25:5-20
MERGED from [com.android.support:support-vector-drawable:23.3.0] AndroidManifest.xml:7:5-20
MERGED from [com.android.support:support-v4:23.3.0] AndroidManifest.xml:22:5-20
MERGED from [com.android.support:animated-vector-drawable:23.3.0] AndroidManifest.xml:7:5-20
MERGED from [com.android.support:support-vector-drawable:23.3.0] AndroidManifest.xml:7:5-20
MERGED from [com.android.support:support-v4:23.3.0] AndroidManifest.xml:22:5-20
MERGED from [com.android.support:support-v4:23.3.0] AndroidManifest.xml:22:5-20
MERGED from [com.android.support:support-v4:23.3.0] AndroidManifest.xml:22:5-20
MERGED from [com.android.support:support-v4:23.3.0] AndroidManifest.xml:22:5-20
	android:label
		ADDED from src/main/AndroidManifest.xml:70:9-41
	android:allowBackup
		ADDED from src/main/AndroidManifest.xml:68:9-35
	android:icon
		ADDED from src/main/AndroidManifest.xml:69:9-47
	android:logo
		ADDED from src/main/AndroidManifest.xml:71:9-47
activity#com.google.zxing.client.android.CaptureActivity
ADDED from src/main/AndroidManifest.xml:72:9-135:20
	android:clearTaskOnLaunch
		ADDED from src/main/AndroidManifest.xml:74:13-45
	android:screenOrientation
		ADDED from src/main/AndroidManifest.xml:75:13-56
	android:stateNotNeeded
		ADDED from src/main/AndroidManifest.xml:76:13-42
	android:windowSoftInputMode
		ADDED from src/main/AndroidManifest.xml:78:13-60
	android:theme
		ADDED from src/main/AndroidManifest.xml:77:13-48
	android:name
		ADDED from src/main/AndroidManifest.xml:73:13-44
intent-filter#android.intent.action.MAIN+android.intent.category.LAUNCHER
ADDED from src/main/AndroidManifest.xml:79:13-82:29
action#android.intent.action.MAIN
ADDED from src/main/AndroidManifest.xml:80:17-69
	android:name
		ADDED from src/main/AndroidManifest.xml:80:25-66
category#android.intent.category.LAUNCHER
ADDED from src/main/AndroidManifest.xml:81:17-77
	android:name
		ADDED from src/main/AndroidManifest.xml:81:27-74
intent-filter#android.intent.category.DEFAULT+com.google.zxing.client.android.SCAN
ADDED from src/main/AndroidManifest.xml:83:13-86:29
action#com.google.zxing.client.android.SCAN
ADDED from src/main/AndroidManifest.xml:84:17-79
	android:name
		ADDED from src/main/AndroidManifest.xml:84:25-76
category#android.intent.category.DEFAULT
ADDED from src/main/AndroidManifest.xml:85:17-76
	android:name
		ADDED from src/main/AndroidManifest.xml:85:27-73
intent-filter#android.intent.action.VIEW+android.intent.category.BROWSABLE+android.intent.category.DEFAULT
ADDED from src/main/AndroidManifest.xml:88:13-98:29
action#android.intent.action.VIEW
ADDED from src/main/AndroidManifest.xml:89:17-69
	android:name
		ADDED from src/main/AndroidManifest.xml:89:25-66
category#android.intent.category.BROWSABLE
ADDED from src/main/AndroidManifest.xml:92:17-78
	android:name
		ADDED from src/main/AndroidManifest.xml:92:27-75
data
ADDED from src/main/AndroidManifest.xml:94:17-97:45
	android:path
		ADDED from src/main/AndroidManifest.xml:96:21-41
	android:host
		ADDED from src/main/AndroidManifest.xml:95:21-53
	android:scheme
		ADDED from src/main/AndroidManifest.xml:97:21-42
activity#com.google.zxing.client.android.PreferencesActivity
ADDED from src/main/AndroidManifest.xml:137:9-140:45
	android:label
		ADDED from src/main/AndroidManifest.xml:139:13-53
	android:stateNotNeeded
		ADDED from src/main/AndroidManifest.xml:140:13-42
	android:name
		ADDED from src/main/AndroidManifest.xml:138:13-48
activity#com.google.zxing.client.android.encode.EncodeActivity
ADDED from src/main/AndroidManifest.xml:142:9-161:20
	android:stateNotNeeded
		ADDED from src/main/AndroidManifest.xml:144:13-42
	android:name
		ADDED from src/main/AndroidManifest.xml:143:13-50
intent-filter#android.intent.category.DEFAULT+com.google.zxing.client.android.ENCODE
ADDED from src/main/AndroidManifest.xml:145:13-148:29
action#com.google.zxing.client.android.ENCODE
ADDED from src/main/AndroidManifest.xml:146:17-81
	android:name
		ADDED from src/main/AndroidManifest.xml:146:25-78
intent-filter#android.intent.action.SEND+android.intent.category.DEFAULT
ADDED from src/main/AndroidManifest.xml:150:13-154:29
action#android.intent.action.SEND
ADDED from src/main/AndroidManifest.xml:151:17-69
	android:name
		ADDED from src/main/AndroidManifest.xml:151:25-66
activity#com.google.zxing.client.android.book.SearchBookContentsActivity
ADDED from src/main/AndroidManifest.xml:163:9-172:20
	android:screenOrientation
		ADDED from src/main/AndroidManifest.xml:166:13-56
	android:label
		ADDED from src/main/AndroidManifest.xml:165:13-45
	android:stateNotNeeded
		ADDED from src/main/AndroidManifest.xml:167:13-42
	android:name
		ADDED from src/main/AndroidManifest.xml:164:13-60
intent-filter#android.intent.category.DEFAULT+com.google.zxing.client.android.SEARCH_BOOK_CONTENTS
ADDED from src/main/AndroidManifest.xml:168:13-171:29
action#com.google.zxing.client.android.SEARCH_BOOK_CONTENTS
ADDED from src/main/AndroidManifest.xml:169:17-95
	android:name
		ADDED from src/main/AndroidManifest.xml:169:25-92
activity#com.google.zxing.client.android.share.ShareActivity
ADDED from src/main/AndroidManifest.xml:173:9-181:20
	android:screenOrientation
		ADDED from src/main/AndroidManifest.xml:175:13-45
	android:stateNotNeeded
		ADDED from src/main/AndroidManifest.xml:176:13-42
	android:name
		ADDED from src/main/AndroidManifest.xml:174:13-48
intent-filter#android.intent.category.DEFAULT+com.google.zxing.client.android.SHARE
ADDED from src/main/AndroidManifest.xml:177:13-180:29
action#com.google.zxing.client.android.SHARE
ADDED from src/main/AndroidManifest.xml:178:17-80
	android:name
		ADDED from src/main/AndroidManifest.xml:178:25-77
activity#com.google.zxing.client.android.history.HistoryActivity
ADDED from src/main/AndroidManifest.xml:182:9-185:45
	android:label
		ADDED from src/main/AndroidManifest.xml:184:13-50
	android:stateNotNeeded
		ADDED from src/main/AndroidManifest.xml:185:13-42
	android:name
		ADDED from src/main/AndroidManifest.xml:183:13-52
activity#com.google.zxing.client.android.share.BookmarkPickerActivity
ADDED from src/main/AndroidManifest.xml:186:9-189:45
	android:label
		ADDED from src/main/AndroidManifest.xml:188:13-57
	android:stateNotNeeded
		ADDED from src/main/AndroidManifest.xml:189:13-42
	android:name
		ADDED from src/main/AndroidManifest.xml:187:13-57
activity#com.google.zxing.client.android.share.AppPickerActivity
ADDED from src/main/AndroidManifest.xml:190:9-193:45
	android:label
		ADDED from src/main/AndroidManifest.xml:192:13-52
	android:stateNotNeeded
		ADDED from src/main/AndroidManifest.xml:193:13-42
	android:name
		ADDED from src/main/AndroidManifest.xml:191:13-52
activity#com.google.zxing.client.android.HelpActivity
ADDED from src/main/AndroidManifest.xml:194:9-198:45
	android:screenOrientation
		ADDED from src/main/AndroidManifest.xml:197:13-45
	android:label
		ADDED from src/main/AndroidManifest.xml:196:13-46
	android:stateNotNeeded
		ADDED from src/main/AndroidManifest.xml:198:13-42
	android:name
		ADDED from src/main/AndroidManifest.xml:195:13-41